<?xml version="1.0" encoding="UTF-8"?>
<!-- Generated by org.testng.reporters.JUnitReportReporter -->
<testsuite hostname="DESKTOP-MC7TA2J" name="Test_JavaStream" tests="1" failures="0" timestamp="18 Nov 2022 05:20:17 GMT" time="0.021" errors="0">
  <testcase name="streamCollect" time="0.021" classname="Test_JavaStream"/>
</testsuite> <!-- Test_JavaStream -->
